
16-03-04

16-03-04

16-03-04

16-03-04

16-03-07

16-03-07

16-03-07

16-03-07
Todays date: 2016-03-10  The Current Time: 14-05-56 INFO theres stuff in here WATCH OUT!

Todays date: 2016-03-10  The Current Time: 14-05-56 ERROR WE AINT ARGUIN!!!

Todays date: 2016-03-10  The Current Time: 14-05-56 INFO 

Todays date: 2016-03-10  The Current Time: 14-05-56 ERROR 

Todays date: 2016-03-10  The Current Time: 14-06-58 INFO theres stuff in here WATCH OUT!

Todays date: 2016-03-10  The Current Time: 14-06-58 ERROR Error

Todays date: 2016-03-10  The Current Time: 14-06-58 INFO 

Todays date: 2016-03-10  The Current Time: 14-06-58 ERROR 

Todays date: 2016-03-10  The Current Time: 14-10-39 INFO theres stuff in here WATCH OUT!

Todays date: 2016-03-10  The Current Time: 14-10-39 ERROR Error

Todays date: 2016-03-10  The Current Time: 14-10-39 INFO 

Todays date: 2016-03-10  The Current Time: 14-10-39 ERROR 

Todays date: 2016-03-10  The Current Time: 14-37-46 INFO INFO

Todays date: 2016-03-10  The Current Time: 14-37-46 ERROR Error

Todays date: 2016-03-10  The Current Time: 14-37-46 INFO INFO

Todays date: 2016-03-10  The Current Time: 14-37-46 ERROR 

Todays date: 2016-03-10  The Current Time: 14-37-50 INFO INFO

Todays date: 2016-03-10  The Current Time: 14-37-50 ERROR Error

Todays date: 2016-03-10  The Current Time: 14-37-50 INFO INFO

Todays date: 2016-03-10  The Current Time: 14-37-50 ERROR 

Todays date: 2016-03-10  The Current Time: 14-38-24 INFO theres stuff in here WATCH OUT!

Todays date: 2016-03-10  The Current Time: 14-38-24 ERROR Error

Todays date: 2016-03-10  The Current Time: 14-38-24 INFO 

Todays date: 2016-03-10  The Current Time: 14-38-24 ERROR 

Todays date: 2016-03-10  The Current Time: 14-38-56 INFO theres stuff in here WATCH OUT!

Todays date: 2016-03-10  The Current Time: 14-38-56 ERROR Error

Todays date: 2016-03-10  The Current Time: 14-38-56 INFO 

Todays date: 2016-03-10  The Current Time: 14-38-56 ERROR 

Todays date: 2016-03-10  The Current Time: 14-41-15 INFO theres stuff in here WATCH OUT!

Todays date: 2016-03-10  The Current Time: 14-41-15 ERROR Error

Todays date: 2016-03-10  The Current Time: 14-41-15 INFO 

Todays date: 2016-03-10  The Current Time: 14-41-15 ERROR 

Todays date: 2016-03-10  The Current Time: 14-42-03 INFO theres stuff in here WATCH OUT!

Todays date: 2016-03-10  The Current Time: 14-42-03 ERROR Error

Todays date: 2016-03-10  The Current Time: 14-42-03 INFO 

Todays date: 2016-03-10  The Current Time: 14-42-03 ERROR 

Todays date: 2016-03-10  The Current Time: 14-43-00 INFO theres stuff in here WATCH OUT!

Todays date: 2016-03-10  The Current Time: 14-43-00 ERROR Error

Todays date: 2016-03-10  The Current Time: 14-43-00 INFO 

Todays date: 2016-03-10  The Current Time: 14-43-00 ERROR 

Todays date: 2016-03-10  The Current Time: 14-44-42 INFO theres stuff in here

Todays date: 2016-03-10  The Current Time: 14-44-42 ERROR Error

Todays date: 2016-03-10  The Current Time: 14-51-23 INFO theres stuff in here

Todays date: 2016-03-10  The Current Time: 14-51-23 ERROR Error

Todays date: 2016-03-10  The Current Time: 14-52-02 INFO theres stuff in here

Todays date: 2016-03-10  The Current Time: 14-52-02 ERROR Error

Todays date: 2016-03-10  The Current Time: 14-52-02  

Todays date: 2016-03-10  The Current Time: 14-52-31 INFO theres stuff in here

Todays date: 2016-03-10  The Current Time: 14-52-31 ERROR Error

Todays date: 2016-03-10  The Current Time: 14-52-31 INFO theres stuff in here

Todays date: 2016-03-10  The Current Time: 14-55-43 hi hi

Todays date: 2016-03-10  The Current Time: 14-55-43 hi hi

Todays date: 2016-03-10  The Current Time: 14-55-43 hi hi

Todays date: 2016-03-10  The Current Time: 14-58-29 hi hi

Todays date: 2016-03-10  The Current Time: 14-58-29 hi hi

Todays date: 2016-03-10  The Current Time: 14-58-49 hi hi

Todays date: 2016-03-10  The Current Time: 14-58-49 hi hi

Todays date: 2016-03-10  The Current Time: 14-58-59 hi hi

Todays date: 2016-03-10  The Current Time: 14-58-59 hi hi

Todays date: 2016-03-10  The Current Time: 16-57-59 hi hi

Todays date: 2016-03-10  The Current Time: 16-57-59 hi hi

Todays date: 2016-03-10  The Current Time: 16-58-02 hi hi

Todays date: 2016-03-10  The Current Time: 16-58-02 hi hi

Todays date: 2016-03-10  The Current Time: 17-12-32 INFO hello

Todays date: 2016-03-10  The Current Time: 17-12-40 INFO hello

Todays date: 2016-03-10  The Current Time: 17-13-58 INFO hello

